c:\users\anthony\documents\the c engine\the-c-engine\gameengine\debug\vc140.pdb
c:\users\anthony\documents\the c engine\the-c-engine\gameengine\debug\vc140.idb
c:\users\anthony\documents\the c engine\the-c-engine\gameengine\debug\camera.obj
c:\users\anthony\documents\the c engine\the-c-engine\gameengine\debug\colorshader.obj
c:\users\anthony\documents\the c engine\the-c-engine\gameengine\debug\d3d.obj
c:\users\anthony\documents\the c engine\the-c-engine\gameengine\debug\inputclass.obj
c:\users\anthony\documents\the c engine\the-c-engine\gameengine\debug\main.obj
c:\users\anthony\documents\the c engine\the-c-engine\gameengine\debug\model.obj
c:\users\anthony\documents\the c engine\the-c-engine\gameengine\debug\systemc.obj
c:\users\anthony\documents\the c engine\the-c-engine\gameengine\debug\texture.obj
c:\users\anthony\documents\the c engine\the-c-engine\gameengine\debug\textureshader.obj
c:\users\anthony\documents\the c engine\the-c-engine\gameengine\debug\graphicsclass.obj
c:\users\anthony\documents\the c engine\the-c-engine\gameengine\checkered.dds
c:\users\anthony\documents\the c engine\the-c-engine\debug\gameengine.ilk
c:\users\anthony\documents\the c engine\the-c-engine\debug\gameengine.exe
c:\users\anthony\documents\the c engine\the-c-engine\debug\gameengine.pdb
c:\users\anthony\documents\the c engine\the-c-engine\gameengine\debug\gameengine.tlog\cl.command.1.tlog
c:\users\anthony\documents\the c engine\the-c-engine\gameengine\debug\gameengine.tlog\cl.read.1.tlog
c:\users\anthony\documents\the c engine\the-c-engine\gameengine\debug\gameengine.tlog\cl.write.1.tlog
c:\users\anthony\documents\the c engine\the-c-engine\gameengine\debug\gameengine.tlog\custombuild.command.1.tlog
c:\users\anthony\documents\the c engine\the-c-engine\gameengine\debug\gameengine.tlog\custombuild.read.1.tlog
c:\users\anthony\documents\the c engine\the-c-engine\gameengine\debug\gameengine.tlog\custombuild.write.1.tlog
c:\users\anthony\documents\the c engine\the-c-engine\gameengine\debug\gameengine.tlog\link.command.1.tlog
c:\users\anthony\documents\the c engine\the-c-engine\gameengine\debug\gameengine.tlog\link.read.1.tlog
c:\users\anthony\documents\the c engine\the-c-engine\gameengine\debug\gameengine.tlog\link.write.1.tlog
